
OBJECTS = \
_all_pa1$o \
_all_pa2$o \
_bellma1$o \
_bellma2$o \
_bfs$o \
_bicomponents$o \
_components$o \
_dfs$o \
_dfsnum$o \
_dijkst1$o \
_dijkst2$o \
_embedding$o \
_new_embed$o \
_maxflo1$o \
_maxflo2$o \
_mcmflo1$o \
_mc_matching$o \
_mcb_matching$o \
_min_cut$o \
_min_sp1$o \
_min_sp2$o \
_mw_mat1$o \
_mw_mat2$o \
_mwb_ma1$o \
_mwb_ma2$o \
_planar$o \
_spanning$o \
_strongcomp$o \
_topsort$o \
_transclosure$o \
_triang$o


_all_pa1$o: _all_pairs.c
_all_pa2$o: _all_pairs.c
_bellma1$o: _bellman_ford.c
_bellma2$o: _bellman_ford.c
_dijkst1$o: _dijkstra.c
_dijkst2$o: _dijkstra.c
_maxflo1$o: _maxflow.c
_maxflo2$o: _maxflow.c
_mcmflo1$o: _mcmflow.c
_mcmflo2$o: _mcmflow.c
_min_sp1$o: _min_spanning.c
_min_sp2$o: _min_spanning.c
_mw_mat1$o: _mw_matching.c
_mw_mat2$o: _mw_matching.c
_mwb_ma1$o: _mwb_matching.c
_mwb_ma2$o: _mwb_matching.c
